\BOOKMARK [0][-]{chapter.1}{INTRODUCTION}{}% 1
\BOOKMARK [1][-]{section.1.1}{Purpose}{chapter.1}% 2
\BOOKMARK [1][-]{section.1.2}{Scope}{chapter.1}% 3
\BOOKMARK [0][-]{chapter.2}{Motivation}{}% 4
\BOOKMARK [1][-]{section.2.1}{Objective}{chapter.2}% 5
\BOOKMARK [1][-]{section.2.2}{Technologies Used}{chapter.2}% 6
\BOOKMARK [0][-]{chapter.3}{Open edX Platform}{}% 7
\BOOKMARK [1][-]{section.3.1}{Introduction}{chapter.3}% 8
\BOOKMARK [1][-]{section.3.2}{Open edX Versions}{chapter.3}% 9
\BOOKMARK [1][-]{section.3.3}{Types Of Installations}{chapter.3}% 10
\BOOKMARK [1][-]{section.3.4}{openedX Components}{chapter.3}% 11
\BOOKMARK [1][-]{section.3.5}{Steps Of Installation}{chapter.3}% 12
\BOOKMARK [1][-]{section.3.6}{Errors Faced In Installation}{chapter.3}% 13
\BOOKMARK [1][-]{section.3.7}{Docker Containers after Installation}{chapter.3}% 14
\BOOKMARK [0][-]{chapter.4}{Setting Up Openshift on Commodity Servers}{}% 15
\BOOKMARK [1][-]{section.4.1}{OpenShift-Fundamentals}{chapter.4}% 16
\BOOKMARK [1][-]{section.4.2}{Openshift Architecture}{chapter.4}% 17
\BOOKMARK [1][-]{section.4.3}{Openshift Application Components}{chapter.4}% 18
\BOOKMARK [1][-]{section.4.4}{Openshift Installation}{chapter.4}% 19
\BOOKMARK [0][-]{chapter.5}{Devstack Installation on Openshift}{}% 20
\BOOKMARK [1][-]{section.5.1}{Introduction}{chapter.5}% 21
\BOOKMARK [1][-]{section.5.2}{Setting up a persistent storage source}{chapter.5}% 22
\BOOKMARK [1][-]{section.5.3}{Storage binding to persistent volume}{chapter.5}% 23
\BOOKMARK [1][-]{section.5.4}{Imagestream}{chapter.5}% 24
\BOOKMARK [1][-]{section.5.5}{services}{chapter.5}% 25
\BOOKMARK [1][-]{section.5.6}{deploymentConfig}{chapter.5}% 26
\BOOKMARK [0][-]{chapter.6}{PROBLEMS AND ERRORS FACED}{}% 27
\BOOKMARK [1][-]{section.6.1}{Devstack}{chapter.6}% 28
\BOOKMARK [1][-]{section.6.2}{OpenShift Installation}{chapter.6}% 29
\BOOKMARK [0][-]{chapter.7}{RESULT AND FUTURE GOALS}{}% 30
\BOOKMARK [1][-]{section.7.1}{RESULT}{chapter.7}% 31
\BOOKMARK [1][-]{section.7.2}{FUTURE GOALS}{chapter.7}% 32
